2023-08-18 13:48:52.806  INFO 17572 --- [main] com.chen.serverApplication               : Starting serverApplication using Java 1.8.0_291 on 南栀 with PID 17572 (D:\学习\Vue\VueProject\server\target\classes started by yx310 in D:\学习\Vue\VueProject\server)
2023-08-18 13:48:52.816  INFO 17572 --- [main] com.chen.serverApplication               : No active profile set, falling back to 1 default profile: "default"
2023-08-18 13:48:53.856  INFO 17572 --- [main] .s.d.r.c.RepositoryConfigurationDelegate : Multiple Spring Data modules found, entering strict repository configuration mode
2023-08-18 13:48:53.856  INFO 17572 --- [main] .s.d.r.c.RepositoryConfigurationDelegate : Bootstrapping Spring Data Redis repositories in DEFAULT mode.
2023-08-18 13:48:53.897  INFO 17572 --- [main] .s.d.r.c.RepositoryConfigurationDelegate : Finished Spring Data repository scanning in 16 ms. Found 0 Redis repository interfaces.
2023-08-18 13:48:54.220  INFO 17572 --- [main] trationDelegate$BeanPostProcessorChecker : Bean 'org.springframework.security.access.expression.method.DefaultMethodSecurityExpressionHandler@4f0cab0a' of type [org.springframework.security.access.expression.method.DefaultMethodSecurityExpressionHandler] is not eligible for getting processed by all BeanPostProcessors (for example: not eligible for auto-proxying)
2023-08-18 13:48:54.236  INFO 17572 --- [main] trationDelegate$BeanPostProcessorChecker : Bean 'methodSecurityMetadataSource' of type [org.springframework.security.access.method.DelegatingMethodSecurityMetadataSource] is not eligible for getting processed by all BeanPostProcessors (for example: not eligible for auto-proxying)
2023-08-18 13:48:54.471  INFO 17572 --- [main] o.s.b.w.embedded.tomcat.TomcatWebServer  : Tomcat initialized with port(s): 8090 (http)
2023-08-18 13:48:54.471  INFO 17572 --- [main] o.a.coyote.http11.Http11NioProtocol      : Initializing ProtocolHandler ["http-nio-8090"]
2023-08-18 13:48:54.471  INFO 17572 --- [main] o.apache.catalina.core.StandardService   : Starting service [Tomcat]
2023-08-18 13:48:54.471  INFO 17572 --- [main] org.apache.catalina.core.StandardEngine  : Starting Servlet engine: [Apache Tomcat/9.0.74]
2023-08-18 13:48:54.646  INFO 17572 --- [main] o.a.c.c.C.[Tomcat].[localhost].[/]       : Initializing Spring embedded WebApplicationContext
2023-08-18 13:48:54.646  INFO 17572 --- [main] w.s.c.ServletWebServerApplicationContext : Root WebApplicationContext: initialization completed in 1770 ms
2023-08-18 13:48:55.140  WARN 17572 --- [main] ConfigServletWebServerApplicationContext : Exception encountered during context initialization - cancelling refresh attempt: org.springframework.beans.factory.UnsatisfiedDependencyException: Error creating bean with name 'managerServiceImpl': Unsatisfied dependency expressed through field 'baseMapper'; nested exception is org.springframework.beans.factory.NoSuchBeanDefinitionException: No qualifying bean of type 'com.chen.dao.ManagerDAO' available: expected at least 1 bean which qualifies as autowire candidate. Dependency annotations: {@org.springframework.beans.factory.annotation.Autowired(required=true)}
2023-08-18 13:48:55.156  INFO 17572 --- [main] o.apache.catalina.core.StandardService   : Stopping service [Tomcat]
2023-08-18 13:48:55.171  INFO 17572 --- [main] ConditionEvaluationReportLoggingListener : 

Error starting ApplicationContext. To display the conditions report re-run your application with 'debug' enabled.
2023-08-18 13:48:55.203 ERROR 17572 --- [main] o.s.boot.SpringApplication               : Application run failed

org.springframework.beans.factory.UnsatisfiedDependencyException: Error creating bean with name 'managerServiceImpl': Unsatisfied dependency expressed through field 'baseMapper'; nested exception is org.springframework.beans.factory.NoSuchBeanDefinitionException: No qualifying bean of type 'com.chen.dao.ManagerDAO' available: expected at least 1 bean which qualifies as autowire candidate. Dependency annotations: {@org.springframework.beans.factory.annotation.Autowired(required=true)}
	at org.springframework.beans.factory.annotation.AutowiredAnnotationBeanPostProcessor$AutowiredFieldElement.resolveFieldValue(AutowiredAnnotationBeanPostProcessor.java:660)
	at org.springframework.beans.factory.annotation.AutowiredAnnotationBeanPostProcessor$AutowiredFieldElement.inject(AutowiredAnnotationBeanPostProcessor.java:640)
	at org.springframework.beans.factory.annotation.InjectionMetadata.inject(InjectionMetadata.java:119)
	at org.springframework.beans.factory.annotation.AutowiredAnnotationBeanPostProcessor.postProcessProperties(AutowiredAnnotationBeanPostProcessor.java:399)
	at org.springframework.beans.factory.support.AbstractAutowireCapableBeanFactory.populateBean(AbstractAutowireCapableBeanFactory.java:1431)
	at org.springframework.beans.factory.support.AbstractAutowireCapableBeanFactory.doCreateBean(AbstractAutowireCapableBeanFactory.java:619)
	at org.springframework.beans.factory.support.AbstractAutowireCapableBeanFactory.createBean(AbstractAutowireCapableBeanFactory.java:542)
	at org.springframework.beans.factory.support.AbstractBeanFactory.lambda$doGetBean$0(AbstractBeanFactory.java:335)
	at org.springframework.beans.factory.support.DefaultSingletonBeanRegistry.getSingleton(DefaultSingletonBeanRegistry.java:234)
	at org.springframework.beans.factory.support.AbstractBeanFactory.doGetBean(AbstractBeanFactory.java:333)
	at org.springframework.beans.factory.support.AbstractBeanFactory.getBean(AbstractBeanFactory.java:208)
	at org.springframework.beans.factory.support.DefaultListableBeanFactory.preInstantiateSingletons(DefaultListableBeanFactory.java:955)
	at org.springframework.context.support.AbstractApplicationContext.finishBeanFactoryInitialization(AbstractApplicationContext.java:920)
	at org.springframework.context.support.AbstractApplicationContext.refresh(AbstractApplicationContext.java:583)
	at org.springframework.boot.web.servlet.context.ServletWebServerApplicationContext.refresh(ServletWebServerApplicationContext.java:147)
	at org.springframework.boot.SpringApplication.refresh(SpringApplication.java:731)
	at org.springframework.boot.SpringApplication.refreshContext(SpringApplication.java:408)
	at org.springframework.boot.SpringApplication.run(SpringApplication.java:307)
	at org.springframework.boot.SpringApplication.run(SpringApplication.java:1303)
	at org.springframework.boot.SpringApplication.run(SpringApplication.java:1292)
	at com.chen.serverApplication.main(serverApplication.java:15)
Caused by: org.springframework.beans.factory.NoSuchBeanDefinitionException: No qualifying bean of type 'com.chen.dao.ManagerDAO' available: expected at least 1 bean which qualifies as autowire candidate. Dependency annotations: {@org.springframework.beans.factory.annotation.Autowired(required=true)}
	at org.springframework.beans.factory.support.DefaultListableBeanFactory.raiseNoMatchingBeanFound(DefaultListableBeanFactory.java:1801)
	at org.springframework.beans.factory.support.DefaultListableBeanFactory.doResolveDependency(DefaultListableBeanFactory.java:1357)
	at org.springframework.beans.factory.support.DefaultListableBeanFactory.resolveDependency(DefaultListableBeanFactory.java:1311)
	at org.springframework.beans.factory.annotation.AutowiredAnnotationBeanPostProcessor$AutowiredFieldElement.resolveFieldValue(AutowiredAnnotationBeanPostProcessor.java:657)
	... 20 common frames omitted

2023-08-18 13:49:18.357  INFO 4456 --- [main] com.chen.serverApplication               : Starting serverApplication using Java 1.8.0_291 on 南栀 with PID 4456 (D:\学习\Vue\VueProject\server\target\classes started by yx310 in D:\学习\Vue\VueProject\server)
2023-08-18 13:49:18.360  INFO 4456 --- [main] com.chen.serverApplication               : No active profile set, falling back to 1 default profile: "default"
2023-08-18 13:49:18.984  INFO 4456 --- [main] .s.d.r.c.RepositoryConfigurationDelegate : Multiple Spring Data modules found, entering strict repository configuration mode
2023-08-18 13:49:18.986  INFO 4456 --- [main] .s.d.r.c.RepositoryConfigurationDelegate : Bootstrapping Spring Data Redis repositories in DEFAULT mode.
2023-08-18 13:49:19.012  INFO 4456 --- [main] .s.d.r.c.RepositoryConfigurationDelegate : Finished Spring Data repository scanning in 13 ms. Found 0 Redis repository interfaces.
2023-08-18 13:49:19.327  INFO 4456 --- [main] trationDelegate$BeanPostProcessorChecker : Bean 'org.springframework.security.access.expression.method.DefaultMethodSecurityExpressionHandler@4e682398' of type [org.springframework.security.access.expression.method.DefaultMethodSecurityExpressionHandler] is not eligible for getting processed by all BeanPostProcessors (for example: not eligible for auto-proxying)
2023-08-18 13:49:19.330  INFO 4456 --- [main] trationDelegate$BeanPostProcessorChecker : Bean 'methodSecurityMetadataSource' of type [org.springframework.security.access.method.DelegatingMethodSecurityMetadataSource] is not eligible for getting processed by all BeanPostProcessors (for example: not eligible for auto-proxying)
2023-08-18 13:49:19.555  INFO 4456 --- [main] o.s.b.w.embedded.tomcat.TomcatWebServer  : Tomcat initialized with port(s): 8090 (http)
2023-08-18 13:49:19.567  INFO 4456 --- [main] o.a.coyote.http11.Http11NioProtocol      : Initializing ProtocolHandler ["http-nio-8090"]
2023-08-18 13:49:19.568  INFO 4456 --- [main] o.apache.catalina.core.StandardService   : Starting service [Tomcat]
2023-08-18 13:49:19.569  INFO 4456 --- [main] org.apache.catalina.core.StandardEngine  : Starting Servlet engine: [Apache Tomcat/9.0.74]
2023-08-18 13:49:19.719  INFO 4456 --- [main] o.a.c.c.C.[Tomcat].[localhost].[/]       : Initializing Spring embedded WebApplicationContext
2023-08-18 13:49:19.719  INFO 4456 --- [main] w.s.c.ServletWebServerApplicationContext : Root WebApplicationContext: initialization completed in 1312 ms
2023-08-18 13:49:20.150  WARN 4456 --- [main] ConfigServletWebServerApplicationContext : Exception encountered during context initialization - cancelling refresh attempt: org.springframework.beans.factory.UnsatisfiedDependencyException: Error creating bean with name 'managerServiceImpl': Unsatisfied dependency expressed through field 'baseMapper'; nested exception is org.springframework.beans.factory.NoSuchBeanDefinitionException: No qualifying bean of type 'com.chen.dao.ManagerDAO' available: expected at least 1 bean which qualifies as autowire candidate. Dependency annotations: {@org.springframework.beans.factory.annotation.Autowired(required=true)}
2023-08-18 13:49:20.165  INFO 4456 --- [main] o.apache.catalina.core.StandardService   : Stopping service [Tomcat]
2023-08-18 13:49:20.178  INFO 4456 --- [main] ConditionEvaluationReportLoggingListener : 

Error starting ApplicationContext. To display the conditions report re-run your application with 'debug' enabled.
2023-08-18 13:49:20.200 ERROR 4456 --- [main] o.s.boot.SpringApplication               : Application run failed

org.springframework.beans.factory.UnsatisfiedDependencyException: Error creating bean with name 'managerServiceImpl': Unsatisfied dependency expressed through field 'baseMapper'; nested exception is org.springframework.beans.factory.NoSuchBeanDefinitionException: No qualifying bean of type 'com.chen.dao.ManagerDAO' available: expected at least 1 bean which qualifies as autowire candidate. Dependency annotations: {@org.springframework.beans.factory.annotation.Autowired(required=true)}
	at org.springframework.beans.factory.annotation.AutowiredAnnotationBeanPostProcessor$AutowiredFieldElement.resolveFieldValue(AutowiredAnnotationBeanPostProcessor.java:660)
	at org.springframework.beans.factory.annotation.AutowiredAnnotationBeanPostProcessor$AutowiredFieldElement.inject(AutowiredAnnotationBeanPostProcessor.java:640)
	at org.springframework.beans.factory.annotation.InjectionMetadata.inject(InjectionMetadata.java:119)
	at org.springframework.beans.factory.annotation.AutowiredAnnotationBeanPostProcessor.postProcessProperties(AutowiredAnnotationBeanPostProcessor.java:399)
	at org.springframework.beans.factory.support.AbstractAutowireCapableBeanFactory.populateBean(AbstractAutowireCapableBeanFactory.java:1431)
	at org.springframework.beans.factory.support.AbstractAutowireCapableBeanFactory.doCreateBean(AbstractAutowireCapableBeanFactory.java:619)
	at org.springframework.beans.factory.support.AbstractAutowireCapableBeanFactory.createBean(AbstractAutowireCapableBeanFactory.java:542)
	at org.springframework.beans.factory.support.AbstractBeanFactory.lambda$doGetBean$0(AbstractBeanFactory.java:335)
	at org.springframework.beans.factory.support.DefaultSingletonBeanRegistry.getSingleton(DefaultSingletonBeanRegistry.java:234)
	at org.springframework.beans.factory.support.AbstractBeanFactory.doGetBean(AbstractBeanFactory.java:333)
	at org.springframework.beans.factory.support.AbstractBeanFactory.getBean(AbstractBeanFactory.java:208)
	at org.springframework.beans.factory.support.DefaultListableBeanFactory.preInstantiateSingletons(DefaultListableBeanFactory.java:955)
	at org.springframework.context.support.AbstractApplicationContext.finishBeanFactoryInitialization(AbstractApplicationContext.java:920)
	at org.springframework.context.support.AbstractApplicationContext.refresh(AbstractApplicationContext.java:583)
	at org.springframework.boot.web.servlet.context.ServletWebServerApplicationContext.refresh(ServletWebServerApplicationContext.java:147)
	at org.springframework.boot.SpringApplication.refresh(SpringApplication.java:731)
	at org.springframework.boot.SpringApplication.refreshContext(SpringApplication.java:408)
	at org.springframework.boot.SpringApplication.run(SpringApplication.java:307)
	at org.springframework.boot.SpringApplication.run(SpringApplication.java:1303)
	at org.springframework.boot.SpringApplication.run(SpringApplication.java:1292)
	at com.chen.serverApplication.main(serverApplication.java:15)
Caused by: org.springframework.beans.factory.NoSuchBeanDefinitionException: No qualifying bean of type 'com.chen.dao.ManagerDAO' available: expected at least 1 bean which qualifies as autowire candidate. Dependency annotations: {@org.springframework.beans.factory.annotation.Autowired(required=true)}
	at org.springframework.beans.factory.support.DefaultListableBeanFactory.raiseNoMatchingBeanFound(DefaultListableBeanFactory.java:1801)
	at org.springframework.beans.factory.support.DefaultListableBeanFactory.doResolveDependency(DefaultListableBeanFactory.java:1357)
	at org.springframework.beans.factory.support.DefaultListableBeanFactory.resolveDependency(DefaultListableBeanFactory.java:1311)
	at org.springframework.beans.factory.annotation.AutowiredAnnotationBeanPostProcessor$AutowiredFieldElement.resolveFieldValue(AutowiredAnnotationBeanPostProcessor.java:657)
	... 20 common frames omitted

2023-08-18 13:50:55.215  INFO 16040 --- [main] com.chen.serverApplication               : Starting serverApplication using Java 1.8.0_291 on 南栀 with PID 16040 (D:\学习\Vue\VueProject\server\target\classes started by yx310 in D:\学习\Vue\VueProject\server)
2023-08-18 13:50:55.219  INFO 16040 --- [main] com.chen.serverApplication               : No active profile set, falling back to 1 default profile: "default"
2023-08-18 13:50:55.919  INFO 16040 --- [main] .s.d.r.c.RepositoryConfigurationDelegate : Multiple Spring Data modules found, entering strict repository configuration mode
2023-08-18 13:50:55.921  INFO 16040 --- [main] .s.d.r.c.RepositoryConfigurationDelegate : Bootstrapping Spring Data Redis repositories in DEFAULT mode.
2023-08-18 13:50:55.945  INFO 16040 --- [main] .s.d.r.c.RepositoryConfigurationDelegate : Finished Spring Data repository scanning in 12 ms. Found 0 Redis repository interfaces.
2023-08-18 13:50:56.237  INFO 16040 --- [main] trationDelegate$BeanPostProcessorChecker : Bean 'org.springframework.security.access.expression.method.DefaultMethodSecurityExpressionHandler@244418a' of type [org.springframework.security.access.expression.method.DefaultMethodSecurityExpressionHandler] is not eligible for getting processed by all BeanPostProcessors (for example: not eligible for auto-proxying)
2023-08-18 13:50:56.241  INFO 16040 --- [main] trationDelegate$BeanPostProcessorChecker : Bean 'methodSecurityMetadataSource' of type [org.springframework.security.access.method.DelegatingMethodSecurityMetadataSource] is not eligible for getting processed by all BeanPostProcessors (for example: not eligible for auto-proxying)
2023-08-18 13:50:56.432  INFO 16040 --- [main] o.s.b.w.embedded.tomcat.TomcatWebServer  : Tomcat initialized with port(s): 8090 (http)
2023-08-18 13:50:56.441  INFO 16040 --- [main] o.a.coyote.http11.Http11NioProtocol      : Initializing ProtocolHandler ["http-nio-8090"]
2023-08-18 13:50:56.441  INFO 16040 --- [main] o.apache.catalina.core.StandardService   : Starting service [Tomcat]
2023-08-18 13:50:56.442  INFO 16040 --- [main] org.apache.catalina.core.StandardEngine  : Starting Servlet engine: [Apache Tomcat/9.0.74]
2023-08-18 13:50:56.590  INFO 16040 --- [main] o.a.c.c.C.[Tomcat].[localhost].[/]       : Initializing Spring embedded WebApplicationContext
2023-08-18 13:50:56.590  INFO 16040 --- [main] w.s.c.ServletWebServerApplicationContext : Root WebApplicationContext: initialization completed in 1291 ms
2023-08-18 13:50:58.410  INFO 16040 --- [main] o.s.s.web.DefaultSecurityFilterChain     : Will secure any request with [org.springframework.security.web.context.request.async.WebAsyncManagerIntegrationFilter@448086ab, org.springframework.security.web.context.SecurityContextPersistenceFilter@3fc1abf, org.springframework.security.web.header.HeaderWriterFilter@4d825dbe, org.springframework.web.filter.CorsFilter@16e907b6, org.springframework.security.web.authentication.logout.LogoutFilter@1cc93da4, com.chen.utils.filters.JwtAuthenticationTokenFilter@2a0ea492, org.springframework.security.web.savedrequest.RequestCacheAwareFilter@e7b0bec, org.springframework.security.web.servletapi.SecurityContextHolderAwareRequestFilter@6b2e9db2, org.springframework.security.web.authentication.AnonymousAuthenticationFilter@6de610c6, org.springframework.security.web.session.SessionManagementFilter@70b196d3, org.springframework.security.web.access.ExceptionTranslationFilter@44de8e00, org.springframework.security.web.access.intercept.FilterSecurityInterceptor@71b3ba5a]
2023-08-18 13:50:58.456  INFO 16040 --- [main] o.a.coyote.http11.Http11NioProtocol      : Starting ProtocolHandler ["http-nio-8090"]
2023-08-18 13:50:58.474  INFO 16040 --- [main] o.s.b.w.embedded.tomcat.TomcatWebServer  : Tomcat started on port(s): 8090 (http) with context path ''
2023-08-18 13:50:58.484  INFO 16040 --- [main] com.chen.serverApplication               : Started serverApplication in 3.884 seconds (JVM running for 4.998)
2023-08-18 13:52:02.391  INFO 16040 --- [http-nio-8090-exec-1] o.a.c.c.C.[Tomcat].[localhost].[/]       : Initializing Spring DispatcherServlet 'dispatcherServlet'
2023-08-18 13:52:02.391  INFO 16040 --- [http-nio-8090-exec-1] o.s.web.servlet.DispatcherServlet        : Initializing Servlet 'dispatcherServlet'
2023-08-18 13:52:02.391  INFO 16040 --- [http-nio-8090-exec-1] o.s.web.servlet.DispatcherServlet        : Completed initialization in 0 ms
2023-08-18 13:52:02.725  INFO 16040 --- [http-nio-8090-exec-2] com.zaxxer.hikari.HikariDataSource       : HikariPool-1 - Starting...
2023-08-18 13:52:03.407  INFO 16040 --- [http-nio-8090-exec-2] com.zaxxer.hikari.HikariDataSource       : HikariPool-1 - Start completed.
2023-08-18 13:52:03.458  WARN 16040 --- [http-nio-8090-exec-2] o.s.s.c.bcrypt.BCryptPasswordEncoder     : Empty encoded password
2023-08-18 13:52:13.672  WARN 16040 --- [http-nio-8090-exec-3] o.s.s.c.bcrypt.BCryptPasswordEncoder     : Empty encoded password
2023-08-18 13:53:48.882  INFO 16040 --- [SpringApplicationShutdownHook] com.zaxxer.hikari.HikariDataSource       : HikariPool-1 - Shutdown initiated...
2023-08-18 13:53:48.895  INFO 16040 --- [SpringApplicationShutdownHook] com.zaxxer.hikari.HikariDataSource       : HikariPool-1 - Shutdown completed.
2023-08-18 13:53:53.914  INFO 19076 --- [main] com.chen.serverApplication               : Starting serverApplication using Java 1.8.0_291 on 南栀 with PID 19076 (D:\学习\Vue\VueProject\server\target\classes started by yx310 in D:\学习\Vue\VueProject\server)
2023-08-18 13:53:53.919  INFO 19076 --- [main] com.chen.serverApplication               : No active profile set, falling back to 1 default profile: "default"
2023-08-18 13:53:54.593  INFO 19076 --- [main] .s.d.r.c.RepositoryConfigurationDelegate : Multiple Spring Data modules found, entering strict repository configuration mode
2023-08-18 13:53:54.595  INFO 19076 --- [main] .s.d.r.c.RepositoryConfigurationDelegate : Bootstrapping Spring Data Redis repositories in DEFAULT mode.
2023-08-18 13:53:54.618  INFO 19076 --- [main] .s.d.r.c.RepositoryConfigurationDelegate : Finished Spring Data repository scanning in 12 ms. Found 0 Redis repository interfaces.
2023-08-18 13:53:54.908  INFO 19076 --- [main] trationDelegate$BeanPostProcessorChecker : Bean 'org.springframework.security.access.expression.method.DefaultMethodSecurityExpressionHandler@2f860823' of type [org.springframework.security.access.expression.method.DefaultMethodSecurityExpressionHandler] is not eligible for getting processed by all BeanPostProcessors (for example: not eligible for auto-proxying)
2023-08-18 13:53:54.912  INFO 19076 --- [main] trationDelegate$BeanPostProcessorChecker : Bean 'methodSecurityMetadataSource' of type [org.springframework.security.access.method.DelegatingMethodSecurityMetadataSource] is not eligible for getting processed by all BeanPostProcessors (for example: not eligible for auto-proxying)
2023-08-18 13:53:55.102  INFO 19076 --- [main] o.s.b.w.embedded.tomcat.TomcatWebServer  : Tomcat initialized with port(s): 8090 (http)
2023-08-18 13:53:55.109  INFO 19076 --- [main] o.a.coyote.http11.Http11NioProtocol      : Initializing ProtocolHandler ["http-nio-8090"]
2023-08-18 13:53:55.109  INFO 19076 --- [main] o.apache.catalina.core.StandardService   : Starting service [Tomcat]
2023-08-18 13:53:55.110  INFO 19076 --- [main] org.apache.catalina.core.StandardEngine  : Starting Servlet engine: [Apache Tomcat/9.0.74]
2023-08-18 13:53:55.253  INFO 19076 --- [main] o.a.c.c.C.[Tomcat].[localhost].[/]       : Initializing Spring embedded WebApplicationContext
2023-08-18 13:53:55.253  INFO 19076 --- [main] w.s.c.ServletWebServerApplicationContext : Root WebApplicationContext: initialization completed in 1274 ms
2023-08-18 13:53:56.957  INFO 19076 --- [main] o.s.s.web.DefaultSecurityFilterChain     : Will secure any request with [org.springframework.security.web.context.request.async.WebAsyncManagerIntegrationFilter@6e794f53, org.springframework.security.web.context.SecurityContextPersistenceFilter@21a9f95b, org.springframework.security.web.header.HeaderWriterFilter@69d2fb0a, org.springframework.web.filter.CorsFilter@75f4d8a8, org.springframework.security.web.authentication.logout.LogoutFilter@709d6de5, com.chen.utils.filters.JwtAuthenticationTokenFilter@2f9b21d6, org.springframework.security.web.savedrequest.RequestCacheAwareFilter@69069866, org.springframework.security.web.servletapi.SecurityContextHolderAwareRequestFilter@15cee630, org.springframework.security.web.authentication.AnonymousAuthenticationFilter@69ba72da, org.springframework.security.web.session.SessionManagementFilter@333e5fb6, org.springframework.security.web.access.ExceptionTranslationFilter@1de30c31, org.springframework.security.web.access.intercept.FilterSecurityInterceptor@37d3aa8c]
2023-08-18 13:53:56.996  INFO 19076 --- [main] o.a.coyote.http11.Http11NioProtocol      : Starting ProtocolHandler ["http-nio-8090"]
2023-08-18 13:53:57.010  INFO 19076 --- [main] o.s.b.w.embedded.tomcat.TomcatWebServer  : Tomcat started on port(s): 8090 (http) with context path ''
2023-08-18 13:53:57.020  INFO 19076 --- [main] com.chen.serverApplication               : Started serverApplication in 3.663 seconds (JVM running for 4.773)
2023-08-18 13:54:04.376  INFO 19076 --- [http-nio-8090-exec-2] o.a.c.c.C.[Tomcat].[localhost].[/]       : Initializing Spring DispatcherServlet 'dispatcherServlet'
2023-08-18 13:54:04.376  INFO 19076 --- [http-nio-8090-exec-2] o.s.web.servlet.DispatcherServlet        : Initializing Servlet 'dispatcherServlet'
2023-08-18 13:54:04.378  INFO 19076 --- [http-nio-8090-exec-2] o.s.web.servlet.DispatcherServlet        : Completed initialization in 2 ms
2023-08-18 13:54:04.691  INFO 19076 --- [http-nio-8090-exec-2] com.zaxxer.hikari.HikariDataSource       : HikariPool-1 - Starting...
2023-08-18 13:54:05.368  INFO 19076 --- [http-nio-8090-exec-2] com.zaxxer.hikari.HikariDataSource       : HikariPool-1 - Start completed.
